<?xml version="1.0" encoding="UTF-8" standalone="no"?>
<!DOCTYPE log SYSTEM "logger.dtd">
<log>
<record>
  <date>2018-11-05T16:28:23.514-0300</date>
  <logger>IGOR DE SOUSA PEREIRA</logger>
  <level>FINE</level>
  <message>File 117210693-IGOR DE SOUSA PEREIRA.zip was received. It was sent by IGOR DE SOUSA PEREIRA from IP 150.165.42.220</message>
</record>
</log>
<?xml version="1.0" encoding="UTF-8" standalone="no"?>
<!DOCTYPE log SYSTEM "logger.dtd">
<log>
<record>
  <date>2018-11-05T23:12:33.065-0300</date>
  <logger>IGOR DE SOUSA PEREIRA</logger>
  <level>FINE</level>
  <message>File 117210693-IGOR DE SOUSA PEREIRA.zip was received. It was sent by IGOR DE SOUSA PEREIRA from IP 192.168.1.112</message>
</record>
</log>
<?xml version="1.0" encoding="UTF-8" standalone="no"?>
<!DOCTYPE log SYSTEM "logger.dtd">
<log>
<record>
  <date>2018-11-06T17:25:16.454-0300</date>
  <logger>IGOR DE SOUSA PEREIRA</logger>
  <level>FINE</level>
  <message>File 117210693-IGOR DE SOUSA PEREIRA.zip was received. It was sent by IGOR DE SOUSA PEREIRA from IP 150.165.74.115</message>
</record>
</log>
<?xml version="1.0" encoding="UTF-8" standalone="no"?>
<!DOCTYPE log SYSTEM "logger.dtd">
<log>
<record>
  <date>2018-11-06T17:26:55.070-0300</date>
  <logger>IGOR DE SOUSA PEREIRA</logger>
  <level>FINE</level>
  <message>File 117210693-IGOR DE SOUSA PEREIRA.zip was received. It was sent by IGOR DE SOUSA PEREIRA from IP 150.165.74.115</message>
</record>
