<?xml version="1.0" encoding="UTF-8" standalone="no"?>
<!DOCTYPE log SYSTEM "logger.dtd">
<log>
<record>
  <date>2018-09-27T14:22:04.555-0300</date>
  <logger>IGOR DE SOUSA PEREIRA</logger>
  <level>FINE</level>
  <message>File 117210693-IGOR DE SOUSA PEREIRA.zip was received. It was sent by IGOR DE SOUSA PEREIRA from IP 150.165.42.198</message>
</record>
</log>
<?xml version="1.0" encoding="UTF-8" standalone="no"?>
<!DOCTYPE log SYSTEM "logger.dtd">
<log>
<record>
  <date>2018-09-27T15:55:03.011-0300</date>
  <logger>IGOR DE SOUSA PEREIRA</logger>
  <level>FINE</level>
  <message>File 117210693-IGOR DE SOUSA PEREIRA.zip was received. It was sent by IGOR DE SOUSA PEREIRA from IP 150.165.42.198</message>
</record>
</log>
<?xml version="1.0" encoding="UTF-8" standalone="no"?>
<!DOCTYPE log SYSTEM "logger.dtd">
<log>
<record>
  <date>2018-09-27T20:02:52.885-0300</date>
  <logger>IGOR DE SOUSA PEREIRA</logger>
  <level>FINE</level>
  <message>File 117210693-IGOR DE SOUSA PEREIRA.zip was received. It was sent by IGOR DE SOUSA PEREIRA from IP 192.168.0.149</message>
</record>
