<?xml version="1.0" encoding="UTF-8" standalone="no"?>
<!DOCTYPE log SYSTEM "logger.dtd">
<log>
<record>
  <date>2018-09-17T16:11:58.114-0300</date>
  <logger>IGOR DE SOUSA PEREIRA</logger>
  <level>FINE</level>
  <message>File 117210693-IGOR DE SOUSA PEREIRA.zip was received. It was sent by IGOR DE SOUSA PEREIRA from IP 150.165.42.197</message>
</record>
</log>
<?xml version="1.0" encoding="UTF-8" standalone="no"?>
<!DOCTYPE log SYSTEM "logger.dtd">
<log>
<record>
  <date>2018-09-17T17:37:48.252-0300</date>
  <logger>IGOR DE SOUSA PEREIRA</logger>
  <level>FINE</level>
  <message>File 117210693-IGOR DE SOUSA PEREIRA.zip was received. It was sent by IGOR DE SOUSA PEREIRA from IP 150.165.42.197</message>
</record>
</log>
<?xml version="1.0" encoding="UTF-8" standalone="no"?>
<!DOCTYPE log SYSTEM "logger.dtd">
<log>
<record>
  <date>2018-09-17T17:42:01.569-0300</date>
  <logger>IGOR DE SOUSA PEREIRA</logger>
  <level>FINE</level>
  <message>File 117210693-IGOR DE SOUSA PEREIRA.zip was received. It was sent by IGOR DE SOUSA PEREIRA from IP 150.165.42.197</message>
</record>
</log>
<?xml version="1.0" encoding="UTF-8" standalone="no"?>
<!DOCTYPE log SYSTEM "logger.dtd">
<log>
<record>
  <date>2018-09-17T19:44:47.207-0300</date>
  <logger>IGOR DE SOUSA PEREIRA</logger>
  <level>FINE</level>
  <message>File 117210693-IGOR DE SOUSA PEREIRA.zip was received. It was sent by IGOR DE SOUSA PEREIRA from IP 192.168.0.149</message>
</record>
