<?xml version="1.0" encoding="UTF-8" standalone="no"?>
<!DOCTYPE log SYSTEM "logger.dtd">
<log>
<record>
  <date>2018-10-01T17:17:06.982-0300</date>
  <logger>IGOR DE SOUSA PEREIRA</logger>
  <level>FINE</level>
  <message>File 117210693-IGOR DE SOUSA PEREIRA.zip was received. It was sent by IGOR DE SOUSA PEREIRA from IP 150.165.42.197</message>
</record>
</log>
<?xml version="1.0" encoding="UTF-8" standalone="no"?>
<!DOCTYPE log SYSTEM "logger.dtd">
<log>
<record>
  <date>2018-10-02T02:15:21.211-0300</date>
  <logger>IGOR DE SOUSA PEREIRA</logger>
  <level>FINE</level>
  <message>File 117210693-IGOR DE SOUSA PEREIRA.zip was received. It was sent by IGOR DE SOUSA PEREIRA from IP 192.168.0.100</message>
</record>
</log>
<?xml version="1.0" encoding="UTF-8" standalone="no"?>
<!DOCTYPE log SYSTEM "logger.dtd">
<log>
<record>
  <date>2018-10-02T02:43:49.805-0300</date>
  <logger>IGOR DE SOUSA PEREIRA</logger>
  <level>FINE</level>
  <message>File 117210693-IGOR DE SOUSA PEREIRA.zip was received. It was sent by IGOR DE SOUSA PEREIRA from IP 192.168.0.100</message>
</record>
